<?xml version="1.0" encoding="UTF-8"?>
<testsuites>
  <testsuite name="fastlane.lanes">
    
    
    
      
      <testcase classname="fastlane.lanes" name="0: default_platform" time="0.000848">
        
      </testcase>
    
      
      <testcase classname="fastlane.lanes" name="1: clean assembleRelease" time="79.5490619">
        
          <failure message="C:/Ruby31-x64/lib/ruby/gems/3.1.0/gems/fastlane-2.212.1/fastlane/lib/fastlane/actions/actions_helper.rb:67:in `execute_action&apos;&#10;C:/Ruby31-x64/lib/ruby/gems/3.1.0/gems/fastlane-2.212.1/fastlane/lib/fastlane/runner.rb:255:in `block in execute_action&apos;&#10;C:/Ruby31-x64/lib/ruby/gems/3.1.0/gems/fastlane-2.212.1/fastlane/lib/fastlane/runner.rb:229:in `chdir&apos;&#10;C:/Ruby31-x64/lib/ruby/gems/3.1.0/gems/fastlane-2.212.1/fastlane/lib/fastlane/runner.rb:229:in `execute_action&apos;&#10;C:/Ruby31-x64/lib/ruby/gems/3.1.0/gems/fastlane-2.212.1/fastlane/lib/fastlane/runner.rb:157:in `trigger_action_by_name&apos;&#10;C:/Ruby31-x64/lib/ruby/gems/3.1.0/gems/fastlane-2.212.1/fastlane/lib/fastlane/fast_file.rb:159:in `method_missing&apos;&#10;Fastfile:26:in `block (2 levels) in parsing_binding&apos;&#10;C:/Ruby31-x64/lib/ruby/gems/3.1.0/gems/fastlane-2.212.1/fastlane/lib/fastlane/lane.rb:33:in `call&apos;&#10;C:/Ruby31-x64/lib/ruby/gems/3.1.0/gems/fastlane-2.212.1/fastlane/lib/fastlane/runner.rb:49:in `block in execute&apos;&#10;C:/Ruby31-x64/lib/ruby/gems/3.1.0/gems/fastlane-2.212.1/fastlane/lib/fastlane/runner.rb:45:in `chdir&apos;&#10;C:/Ruby31-x64/lib/ruby/gems/3.1.0/gems/fastlane-2.212.1/fastlane/lib/fastlane/runner.rb:45:in `execute&apos;&#10;C:/Ruby31-x64/lib/ruby/gems/3.1.0/gems/fastlane-2.212.1/fastlane/lib/fastlane/lane_manager.rb:47:in `cruise_lane&apos;&#10;C:/Ruby31-x64/lib/ruby/gems/3.1.0/gems/fastlane-2.212.1/fastlane/lib/fastlane/command_line_handler.rb:36:in `handle&apos;&#10;C:/Ruby31-x64/lib/ruby/gems/3.1.0/gems/fastlane-2.212.1/fastlane/lib/fastlane/commands_generator.rb:110:in `block (2 levels) in run&apos;&#10;C:/Ruby31-x64/lib/ruby/gems/3.1.0/gems/commander-4.6.0/lib/commander/command.rb:187:in `call&apos;&#10;C:/Ruby31-x64/lib/ruby/gems/3.1.0/gems/commander-4.6.0/lib/commander/command.rb:157:in `run&apos;&#10;C:/Ruby31-x64/lib/ruby/gems/3.1.0/gems/commander-4.6.0/lib/commander/runner.rb:444:in `run_active_command&apos;&#10;C:/Ruby31-x64/lib/ruby/gems/3.1.0/gems/fastlane-2.212.1/fastlane_core/lib/fastlane_core/ui/fastlane_runner.rb:124:in `run!&apos;&#10;C:/Ruby31-x64/lib/ruby/gems/3.1.0/gems/commander-4.6.0/lib/commander/delegates.rb:18:in `run!&apos;&#10;C:/Ruby31-x64/lib/ruby/gems/3.1.0/gems/fastlane-2.212.1/fastlane/lib/fastlane/commands_generator.rb:354:in `run&apos;&#10;C:/Ruby31-x64/lib/ruby/gems/3.1.0/gems/fastlane-2.212.1/fastlane/lib/fastlane/commands_generator.rb:43:in `start&apos;&#10;C:/Ruby31-x64/lib/ruby/gems/3.1.0/gems/fastlane-2.212.1/fastlane/lib/fastlane/cli_tools_distributor.rb:123:in `take_off&apos;&#10;C:/Ruby31-x64/lib/ruby/gems/3.1.0/gems/fastlane-2.212.1/bin/fastlane:23:in `&lt;top (required)&gt;&apos;&#10;C:/Ruby31-x64/bin/fastlane:25:in `load&apos;&#10;C:/Ruby31-x64/bin/fastlane:25:in `&lt;main&gt;&apos;&#10;&#10;Exit status of command &apos;C:/Users/dannn/StudioProjects/CifraFinder/gradlew clean assembleRelease -p .&apos; was 1 instead of 0.&#10;Starting a Gradle Daemon, 1 incompatible and 1 stopped Daemons could not be reused, use --status for details&#10;&gt; Task :app:clean&#10;&gt; Task :app:buildKotlinToolingMetadata&#10;&gt; Task :app:preBuild UP-TO-DATE&#10;&gt; Task :app:preReleaseBuild UP-TO-DATE&#10;&gt; Task :app:compileReleaseAidl NO-SOURCE&#10;&gt; Task :app:compileReleaseRenderscript NO-SOURCE&#10;&gt; Task :app:generateReleaseBuildConfig&#10;&gt; Task :app:generateReleaseResValues&#10;&gt; Task :app:checkReleaseAarMetadata&#10;&gt; Task :app:injectCrashlyticsMappingFileIdRelease&#10;&gt; Task :app:processReleaseGoogleServices&#10;&gt; Task :app:mapReleaseSourceSetPaths&#10;&gt; Task :app:generateReleaseResources&#10;&gt; Task :app:createReleaseCompatibleScreenManifests&#10;&gt; Task :app:extractDeepLinksRelease&#10;&#10;&gt; Task :app:processReleaseMainManifest&#10;package=&quot;br.gohan.cifrafinder.CifraApplication&quot; found in source AndroidManifest.xml: C:\Users\dannn\StudioProjects\CifraFinder\app\src\main\AndroidManifest.xml.&#10;Setting the namespace via a source AndroidManifest.xml&apos;s package attribute is deprecated.&#10;Please instead set the namespace (or testNamespace) in the module&apos;s build.gradle file, as described here: https://developer.android.com/studio/build/configure-app-module#set-namespace&#10;This migration can be done automatically using the AGP Upgrade Assistant, please refer to https://developer.android.com/studio/build/agp-upgrade-assistant for more information.&#10;&#10;&gt; Task :app:processReleaseManifest&#10;&gt; Task :app:javaPreCompileRelease&#10;&gt; Task :app:extractProguardFiles&#10;&gt; Task :app:mergeReleaseResources&#10;&gt; Task :app:writeReleaseApplicationId&#10;&gt; Task :app:analyticsRecordingRelease&#10;&gt; Task :app:mergeReleaseJniLibFolders&#10;&gt; Task :app:mergeReleaseNativeLibs NO-SOURCE&#10;&gt; Task :app:stripReleaseDebugSymbols NO-SOURCE&#10;&gt; Task :app:extractReleaseNativeSymbolTables NO-SOURCE&#10;&gt; Task :app:mergeReleaseNativeDebugMetadata NO-SOURCE&#10;&gt; Task :app:processReleaseJavaRes NO-SOURCE&#10;&gt; Task :app:mergeReleaseShaders&#10;&gt; Task :app:compileReleaseShaders NO-SOURCE&#10;&gt; Task :app:generateReleaseAssets UP-TO-DATE&#10;&gt; Task :app:mergeReleaseArtProfile&#10;&gt; Task :app:mergeReleaseAssets&#10;&gt; Task :app:compressReleaseAssets&#10;&gt; Task :app:processApplicationManifestReleaseForBundle&#10;&gt; Task :app:checkReleaseDuplicateClasses&#10;&gt; Task :app:collectReleaseDependencies&#10;&gt; Task :app:sdkReleaseDependencyData&#10;&gt; Task :app:writeReleaseAppMetadata&#10;&gt; Task :app:writeReleaseSigningConfigVersions&#10;&gt; Task :app:processReleaseManifestForPackage&#10;&gt; Task :app:bundleReleaseResources&#10;&gt; Task :app:processReleaseResources&#10;&#10;&gt; Task :app:compileReleaseKotlin&#10;w: C:\Users\dannn\StudioProjects\CifraFinder\app\src\main\java\br\gohan\cifrafinder\CifraDI.kt: (20, 18): Destructured parameter &apos;savedState&apos; is never used&#10;w: C:\Users\dannn\StudioProjects\CifraFinder\app\src\main\java\br\gohan\cifrafinder\presenter\CifraActivity.kt: (44, 15): &apos;onActivityResult(Int, Int, Intent?): Unit&apos; is deprecated. Deprecated in Java&#10;w: C:\Users\dannn\StudioProjects\CifraFinder\app\src\main\java\br\gohan\cifrafinder\presenter\screens\FirstScreen.kt: (26, 21): Parameter &apos;padding&apos; is never used, could be renamed to _&#10;w: C:\Users\dannn\StudioProjects\CifraFinder\app\src\main\java\br\gohan\cifrafinder\presenter\screens\SecondScreen.kt: (30, 21): Parameter &apos;padding&apos; is never used, could be renamed to _&#10;w: C:\Users\dannn\StudioProjects\CifraFinder\app\src\main\java\br\gohan\cifrafinder\presenter\screens\ThirdScreen.kt: (31, 21): Parameter &apos;padding&apos; is never used, could be renamed to _&#10;w: C:\Users\dannn\StudioProjects\CifraFinder\app\src\main\java\br\gohan\cifrafinder\presenter\theme\Theme.kt: (23, 5): Parameter &apos;dynamicColor&apos; is never used&#10;w: C:\Users\dannn\StudioProjects\CifraFinder\app\src\main\java\br\gohan\cifrafinder\presenter\theme\Theme.kt: (31, 24): &apos;getWindowInsetsController(View): WindowInsetsControllerCompat?&apos; is deprecated. Deprecated in Java&#10;&#10;&gt; Task :app:compileReleaseJavaWithJavac&#10;warning: [options] source value 8 is obsolete and will be removed in a future release&#10;warning: [options] target value 8 is obsolete and will be removed in a future release&#10;warning: [options] To suppress warnings about obsolete options, use -Xlint:-options.&#10;3 warnings&#10;&#10;&gt; Task :app:mergeReleaseGeneratedProguardFiles&#10;&gt; Task :app:mergeReleaseJavaResource&#10;&gt; Task :app:lintVitalAnalyzeRelease&#10;&gt; Task :app:lintVitalReportRelease&#10;&gt; Task :app:lintVitalRelease&#10;&gt; Task :app:minifyReleaseWithR8&#10;&gt; Task :app:compileReleaseArtProfile&#10;&gt; Task :app:uploadCrashlyticsMappingFileRelease&#10;&gt; Task :app:shrinkReleaseRes&#10;&gt; Task :app:optimizeReleaseResources&#10;&gt; Task :app:packageRelease FAILED&#10;&#10;FAILURE: Build failed with an exception.&#10;&#10;* What went wrong:&#10;Execution failed for task &apos;:app:packageRelease&apos;.&#10;&gt; A failure occurred while executing com.android.build.gradle.tasks.PackageAndroidArtifact$IncrementalSplitterRunnable&#10;   &gt; SigningConfig &quot;release&quot; is missing required property &quot;storePassword&quot;.&#10;&#10;* Try:&#10;&gt; Run with --stacktrace option to get the stack trace.&#10;&gt; Run with --info or --debug option to get more log output.&#10;&gt; Run with --scan to get full insights.&#10;&#10;* Get more help at https://help.gradle.org&#10;&#10;BUILD FAILED in 1m 18s&#10;44 actionable tasks: 44 executed&#10;" />
        
      </testcase>
    
  </testsuite>
</testsuites>
